{
  "stats": {
    "suites": 1,
    "tests": 4,
    "passes": 4,
    "pending": 0,
    "failures": 0,
    "start": "2020-08-24T01:48:26.751Z",
    "end": "2020-08-24T01:48:43.266Z",
    "duration": 16515,
    "testsRegistered": 4,
    "passPercent": 100,
    "pendingPercent": 0,
    "other": 0,
    "hasOther": false,
    "skipped": 0,
    "hasSkipped": false
  },
  "results": [
    {
      "uuid": "bd465280-c766-42f4-b2b2-fe31990c9d67",
      "title": "",
      "fullFile": "cypress\\integration\\firstTest.spec.js",
      "file": "cypress\\integration\\firstTest.spec.js",
      "beforeHooks": [],
      "afterHooks": [],
      "tests": [],
      "suites": [
        {
          "uuid": "549e9d38-a7dd-431b-b0e9-6b2731818e34",
          "title": "Testing BackEnd",
          "fullFile": "",
          "file": "",
          "beforeHooks": [],
          "afterHooks": [],
          "tests": [
            {
              "title": "Verify Request And Response",
              "fullTitle": "Testing BackEnd Verify Request And Response",
              "timedOut": null,
              "duration": 7283,
              "state": "passed",
              "speed": "slow",
              "pass": true,
              "fail": false,
              "pending": false,
              "context": null,
              "code": "cy.server();\ncy.route('POST', '**/articles').as('postArticle');\ncy.contains('New Article').click();\ncy.get('[formcontrolname=\"title\"]').type('This is a Title');\ncy.get('[formcontrolname=\"description\"]').type('This is a Description');\ncy.get('[formcontrolname=\"body\"]').type('This is a Body');\ncy.contains('Publish Article').click();\ncy.wait('@postArticle');\ncy.get('@postArticle').then(function (xhr) {\n  expect(xhr.status).to.equal(200);\n  expect(xhr.request.body.article.body).to.equal('This is a Body');\n  expect(xhr.response.body.article.description).to.equal('This is a Description');\n});",
              "err": {},
              "uuid": "2a1bcd34-822c-4f46-945b-f414d45545ef",
              "parentUUID": "549e9d38-a7dd-431b-b0e9-6b2731818e34",
              "isHook": false,
              "skipped": false
            },
            {
              "title": "Should Gave Tags with Routing(Mock) Object",
              "fullTitle": "Testing BackEnd Should Gave Tags with Routing(Mock) Object",
              "timedOut": null,
              "duration": 2002,
              "state": "passed",
              "speed": "slow",
              "pass": true,
              "fail": false,
              "pending": false,
              "context": null,
              "code": "cy.get('.tag-list').should('contain', 'Cypress').and('contain', 'Automation').and('contain', 'Testing');",
              "err": {},
              "uuid": "390b7ae1-57e1-48da-b010-5a446e556a16",
              "parentUUID": "549e9d38-a7dd-431b-b0e9-6b2731818e34",
              "isHook": false,
              "skipped": false
            },
            {
              "title": "Verify Global Feed Likes Count",
              "fullTitle": "Testing BackEnd Verify Global Feed Likes Count",
              "timedOut": null,
              "duration": 2975,
              "state": "passed",
              "speed": "slow",
              "pass": true,
              "fail": false,
              "pending": false,
              "context": null,
              "code": "cy.route('GET', '**/articles/feed*', '{\"articles\":[],\"articlesCount\":0}');\ncy.route('GET', '**/articles*', 'fixture:articles.json');\ncy.contains('Global Feed').click();\ncy.get('app-article-list button').then(function (listofButtons) {\n  expect(listofButtons[0]).to.contain('1');\n  expect(listofButtons[1]).to.contain('5');\n});\ncy.fixture('articles').then(function (file) {\n  var articleLink = file.articles[1].slug;\n  cy.route('POST', '**/articles/' + articleLink + '/favorite', file);\n});\ncy.get('app-article-list button').eq(1).click().should('contain', '6');",
              "err": {},
              "uuid": "7e791615-6cc4-4824-af9b-30f905409945",
              "parentUUID": "549e9d38-a7dd-431b-b0e9-6b2731818e34",
              "isHook": false,
              "skipped": false
            },
            {
              "title": "Delete a new article in global Feed",
              "fullTitle": "Testing BackEnd Delete a new article in global Feed",
              "timedOut": null,
              "duration": 4083,
              "state": "passed",
              "speed": "slow",
              "pass": true,
              "fail": false,
              "pending": false,
              "context": null,
              "code": "var bodyRequest = {\n  \"article\": {\n    \"tagList\": [],\n    \"title\": \"I love Cypress\",\n    \"description\": \"Testing Cypress\",\n    \"body\": \"Are we humans? Or are we dancers?\"\n  }\n};\ncy.get('@TestToken').then(function (token) {\n  cy.request({\n    url: Cypress.env('apiUrl') + 'api/articles/',\n    headers: {\n      'Authorization': 'Token ' + token\n    },\n    method: 'POST',\n    body: bodyRequest\n  }).then(function (response) {\n    expect(response.status).to.equal(200);\n  });\n  cy.contains('Global Feed').click();\n  cy.get('.article-preview').first().click();\n  cy.get('.article-actions').contains('Delete Article').click();\n  cy.request({\n    url: Cypress.env('apiUrl') + 'api/articles?limit=10&offset=0',\n    headers: {\n      'Authorization': 'Token ' + token\n    },\n    method: 'GET'\n  }).its('body').then(function (body) {\n    expect(body.articles[0].title).not.to.equal('I love Cypress');\n  });\n});",
              "err": {},
              "uuid": "d99f5e6a-10e4-4345-a596-d9ed479a139c",
              "parentUUID": "549e9d38-a7dd-431b-b0e9-6b2731818e34",
              "isHook": false,
              "skipped": false
            }
          ],
          "suites": [],
          "passes": [
            "2a1bcd34-822c-4f46-945b-f414d45545ef",
            "390b7ae1-57e1-48da-b010-5a446e556a16",
            "7e791615-6cc4-4824-af9b-30f905409945",
            "d99f5e6a-10e4-4345-a596-d9ed479a139c"
          ],
          "failures": [],
          "pending": [],
          "skipped": [],
          "duration": 16343,
          "root": false,
          "rootEmpty": false,
          "_timeout": 2000
        }
      ],
      "passes": [],
      "failures": [],
      "pending": [],
      "skipped": [],
      "duration": 0,
      "root": true,
      "rootEmpty": true,
      "_timeout": 2000
    }
  ],
  "meta": {
    "mocha": {
      "version": "7.0.1"
    },
    "mochawesome": {
      "options": {
        "quiet": false,
        "reportFilename": "mochawesome",
        "saveHtml": false,
        "saveJson": true,
        "consoleReporter": "spec",
        "useInlineDiffs": false,
        "code": true
      },
      "version": "6.1.1"
    },
    "marge": {
      "options": {
        "id": "default",
        "reportDir": "cypress/results/mochawesome",
        "overwrite": false,
        "html": false,
        "json": true
      },
      "version": "5.1.0"
    }
  }
}