{
  "stats": {
    "suites": 1,
    "tests": 1,
    "passes": 1,
    "pending": 0,
    "failures": 0,
    "start": "2020-08-24T01:48:45.651Z",
    "end": "2020-08-24T01:48:49.117Z",
    "duration": 3466,
    "testsRegistered": 1,
    "passPercent": 100,
    "pendingPercent": 0,
    "other": 0,
    "hasOther": false,
    "skipped": 0,
    "hasSkipped": false
  },
  "results": [
    {
      "uuid": "af3ce6d2-165f-457e-a0a4-cc60c4b5f0a3",
      "title": "",
      "fullFile": "cypress\\integration\\secondTest.spec.js",
      "file": "cypress\\integration\\secondTest.spec.js",
      "beforeHooks": [],
      "afterHooks": [],
      "tests": [],
      "suites": [
        {
          "uuid": "6e08b0a9-9b20-4da6-a79e-4eace57d3d80",
          "title": "Test Log Out",
          "fullFile": "",
          "file": "",
          "beforeHooks": [],
          "afterHooks": [],
          "tests": [
            {
              "title": "Verify User Can Log Out",
              "fullTitle": "Test Log Out Verify User Can Log Out",
              "timedOut": null,
              "duration": 3412,
              "state": "passed",
              "speed": "slow",
              "pass": true,
              "fail": false,
              "pending": false,
              "context": null,
              "code": "cy.contains('Settings').click();\ncy.contains('Or click here to logout').click();\ncy.get('.navbar-nav').should('contain', 'Sign up');",
              "err": {},
              "uuid": "874d2f47-52b0-4445-819e-2e74265e2628",
              "parentUUID": "6e08b0a9-9b20-4da6-a79e-4eace57d3d80",
              "isHook": false,
              "skipped": false
            }
          ],
          "suites": [],
          "passes": [
            "874d2f47-52b0-4445-819e-2e74265e2628"
          ],
          "failures": [],
          "pending": [],
          "skipped": [],
          "duration": 3412,
          "root": false,
          "rootEmpty": false,
          "_timeout": 2000
        }
      ],
      "passes": [],
      "failures": [],
      "pending": [],
      "skipped": [],
      "duration": 0,
      "root": true,
      "rootEmpty": true,
      "_timeout": 2000
    }
  ],
  "meta": {
    "mocha": {
      "version": "7.0.1"
    },
    "mochawesome": {
      "options": {
        "quiet": false,
        "reportFilename": "mochawesome",
        "saveHtml": false,
        "saveJson": true,
        "consoleReporter": "spec",
        "useInlineDiffs": false,
        "code": true
      },
      "version": "6.1.1"
    },
    "marge": {
      "options": {
        "id": "default",
        "reportDir": "cypress/results/mochawesome",
        "overwrite": false,
        "html": false,
        "json": true
      },
      "version": "5.1.0"
    }
  }
}